<?xml version="1.0" encoding="UTF-8"?>
<!-- Generated by org.testng.reporters.JUnitReportReporter -->
<testsuite hostname="USDESK-8Y32V93" failures="0" tests="1" name="testCases.LaunchApplication" time="0.027" errors="0" timestamp="2023-01-06T20:08:51 IST" skipped="0">
  <testcase classname="testCases.LaunchApplication" name="validateApplicationIsLaunched" time="0.027"/>
  <system-out/>
</testsuite> <!-- testCases.LaunchApplication -->
